# JRE version: OpenJDK Runtime Environment (7.0_101) (build 1.7.0_101-b00)
# Java VM: OpenJDK 64-Bit Server VM (24.95-b01 mixed mode linux-amd64 compressed oops)
Heap
 PSYoungGen      total 233984K, used 73012K [0x00000000eaa80000, 0x0000000100000000, 0x0000000100000000)
  eden space 119808K, 44% used [0x00000000eaa80000,0x00000000edf1d578,0x00000000f1f80000)
  from space 114176K, 16% used [0x00000000f8c80000,0x00000000f9f2fe70,0x00000000ffc00000)
  to   space 111616K, 0% used [0x00000000f1f80000,0x00000000f1f80000,0x00000000f8c80000)
 ParOldGen       total 468480K, used 361372K [0x00000000c0000000, 0x00000000dc980000, 0x00000000eaa80000)
  object space 468480K, 77% used [0x00000000c0000000,0x00000000d60e7120,0x00000000dc980000)
 PSPermGen       total 21504K, used 6630K [0x00000000b5a00000, 0x00000000b6f00000, 0x00000000c0000000)
  object space 21504K, 30% used [0x00000000b5a00000,0x00000000b60799d8,0x00000000b6f00000)
GC Heap History (10 events):
Event: 7.561 GC heap before
{Heap before GC invocations=17 (full 2):
 PSYoungGen      total 219648K, used 193178K [0x00000000eaa80000, 0x0000000100000000, 0x0000000100000000)
  eden space 117248K, 100% used [0x00000000eaa80000,0x00000000f1d00000,0x00000000f1d00000)
  from space 102400K, 74% used [0x00000000f9c00000,0x00000000fe626b88,0x0000000100000000)
  to   space 116224K, 0% used [0x00000000f1d00000,0x00000000f1d00000,0x00000000f8e80000)
 ParOldGen       total 296960K, used 237245K [0x00000000c0000000, 0x00000000d2200000, 0x00000000eaa80000)
  object space 296960K, 79% used [0x00000000c0000000,0x00000000ce7af6e0,0x00000000d2200000)
 PSPermGen       total 21504K, used 6519K [0x00000000b5a00000, 0x00000000b6f00000, 0x00000000c0000000)
  object space 21504K, 30% used [0x00000000b5a00000,0x00000000b605dc18,0x00000000b6f00000)
Event: 7.613 GC heap after
Heap after GC invocations=17 (full 2):
 PSYoungGen      total 233472K, used 41766K [0x00000000eaa80000, 0x0000000100000000, 0x0000000100000000)
  eden space 117248K, 0% used [0x00000000eaa80000,0x00000000eaa80000,0x00000000f1d00000)
  from space 116224K, 35% used [0x00000000f1d00000,0x00000000f45c9980,0x00000000f8e80000)
  to   space 116224K, 0% used [0x00000000f8e80000,0x00000000f8e80000,0x0000000100000000)
 ParOldGen       total 296960K, used 288299K [0x00000000c0000000, 0x00000000d2200000, 0x00000000eaa80000)
  object space 296960K, 97% used [0x00000000c0000000,0x00000000d198af18,0x00000000d2200000)
 PSPermGen       total 21504K, used 6519K [0x00000000b5a00000, 0x00000000b6f00000, 0x00000000c0000000)
  object space 21504K, 30% used [0x00000000b5a00000,0x00000000b605dc18,0x00000000b6f00000)
}
Event: 7.613 GC heap before
{Heap before GC invocations=18 (full 3):
 PSYoungGen      total 233472K, used 41766K [0x00000000eaa80000, 0x0000000100000000, 0x0000000100000000)
  eden space 117248K, 0% used [0x00000000eaa80000,0x00000000eaa80000,0x00000000f1d00000)
  from space 116224K, 35% used [0x00000000f1d00000,0x00000000f45c9980,0x00000000f8e80000)
  to   space 116224K, 0% used [0x00000000f8e80000,0x00000000f8e80000,0x0000000100000000)
 ParOldGen       total 296960K, used 288299K [0x00000000c0000000, 0x00000000d2200000, 0x00000000eaa80000)
  object space 296960K, 97% used [0x00000000c0000000,0x00000000d198af18,0x00000000d2200000)
 PSPermGen       total 21504K, used 6519K [0x00000000b5a00000, 0x00000000b6f00000, 0x00000000c0000000)
  object space 21504K, 30% used [0x00000000b5a00000,0x00000000b605dc18,0x00000000b6f00000)
Event: 8.209 GC heap after
Heap after GC invocations=18 (full 3):
 PSYoungGen      total 233472K, used 29840K [0x00000000eaa80000, 0x0000000100000000, 0x0000000100000000)
  eden space 117248K, 0% used [0x00000000eaa80000,0x00000000eaa80000,0x00000000f1d00000)
  from space 116224K, 25% used [0x00000000f1d00000,0x00000000f3a242a0,0x00000000f8e80000)
  to   space 116224K, 0% used [0x00000000f8e80000,0x00000000f8e80000,0x0000000100000000)
 ParOldGen       total 468480K, used 296682K [0x00000000c0000000, 0x00000000dc980000, 0x00000000eaa80000)
  object space 468480K, 63% used [0x00000000c0000000,0x00000000d21ba920,0x00000000dc980000)
 PSPermGen       total 21504K, used 6518K [0x00000000b5a00000, 0x00000000b6f00000, 0x00000000c0000000)
  object space 21504K, 30% used [0x00000000b5a00000,0x00000000b605da58,0x00000000b6f00000)
}
Event: 8.317 GC heap before
{Heap before GC invocations=19 (full 3):
 PSYoungGen      total 233472K, used 147088K [0x00000000eaa80000, 0x0000000100000000, 0x0000000100000000)
  eden space 117248K, 100% used [0x00000000eaa80000,0x00000000f1d00000,0x00000000f1d00000)
  from space 116224K, 25% used [0x00000000f1d00000,0x00000000f3a242a0,0x00000000f8e80000)
  to   space 116224K, 0% used [0x00000000f8e80000,0x00000000f8e80000,0x0000000100000000)
 ParOldGen       total 468480K, used 296684K [0x00000000c0000000, 0x00000000dc980000, 0x00000000eaa80000)
  object space 468480K, 63% used [0x00000000c0000000,0x00000000d21bb038,0x00000000dc980000)
 PSPermGen       total 21504K, used 6526K [0x00000000b5a00000, 0x00000000b6f00000, 0x00000000c0000000)
  object space 21504K, 30% used [0x00000000b5a00000,0x00000000b605f978,0x00000000b6f00000)
Event: 8.391 GC heap after
Heap after GC invocations=19 (full 3):
 PSYoungGen      total 233472K, used 17921K [0x00000000eaa80000, 0x0000000100000000, 0x0000000100000000)
  eden space 117248K, 0% used [0x00000000eaa80000,0x00000000eaa80000,0x00000000f1d00000)
  from space 116224K, 15% used [0x00000000f8e80000,0x00000000fa000470,0x0000000100000000)
  to   space 116224K, 0% used [0x00000000f1d00000,0x00000000f1d00000,0x00000000f8e80000)
 ParOldGen       total 468480K, used 325831K [0x00000000c0000000, 0x00000000dc980000, 0x00000000eaa80000)
  object space 468480K, 69% used [0x00000000c0000000,0x00000000d3e31f98,0x00000000dc980000)
 PSPermGen       total 21504K, used 6526K [0x00000000b5a00000, 0x00000000b6f00000, 0x00000000c0000000)
  object space 21504K, 30% used [0x00000000b5a00000,0x00000000b605f978,0x00000000b6f00000)
}
Event: 8.503 GC heap before
{Heap before GC invocations=20 (full 3):
 PSYoungGen      total 233472K, used 135169K [0x00000000eaa80000, 0x0000000100000000, 0x0000000100000000)
  eden space 117248K, 100% used [0x00000000eaa80000,0x00000000f1d00000,0x00000000f1d00000)
  from space 116224K, 15% used [0x00000000f8e80000,0x00000000fa000470,0x0000000100000000)
  to   space 116224K, 0% used [0x00000000f1d00000,0x00000000f1d00000,0x00000000f8e80000)
 ParOldGen       total 468480K, used 325831K [0x00000000c0000000, 0x00000000dc980000, 0x00000000eaa80000)
  object space 468480K, 69% used [0x00000000c0000000,0x00000000d3e31f98,0x00000000dc980000)
 PSPermGen       total 21504K, used 6529K [0x00000000b5a00000, 0x00000000b6f00000, 0x00000000c0000000)
  object space 21504K, 30% used [0x00000000b5a00000,0x00000000b6060648,0x00000000b6f00000)
Event: 8.527 GC heap after
Heap after GC invocations=20 (full 3):
 PSYoungGen      total 136704K, used 19328K [0x00000000eaa80000, 0x00000000ffc00000, 0x0000000100000000)
  eden space 117248K, 0% used [0x00000000eaa80000,0x00000000eaa80000,0x00000000f1d00000)
  from space 19456K, 99% used [0x00000000f1d00000,0x00000000f2fe0000,0x00000000f3000000)
  to   space 114176K, 0% used [0x00000000f8c80000,0x00000000f8c80000,0x00000000ffc00000)
 ParOldGen       total 468480K, used 342980K [0x00000000c0000000, 0x00000000dc980000, 0x00000000eaa80000)
  object space 468480K, 73% used [0x00000000c0000000,0x00000000d4ef10b8,0x00000000dc980000)
 PSPermGen       total 21504K, used 6529K [0x00000000b5a00000, 0x00000000b6f00000, 0x00000000c0000000)
  object space 21504K, 30% used [0x00000000b5a00000,0x00000000b6060648,0x00000000b6f00000)
}
Event: 8.628 GC heap before
{Heap before GC invocations=21 (full 3):
 PSYoungGen      total 136704K, used 136576K [0x00000000eaa80000, 0x00000000ffc00000, 0x0000000100000000)
  eden space 117248K, 100% used [0x00000000eaa80000,0x00000000f1d00000,0x00000000f1d00000)
  from space 19456K, 99% used [0x00000000f1d00000,0x00000000f2fe0000,0x00000000f3000000)
  to   space 114176K, 0% used [0x00000000f8c80000,0x00000000f8c80000,0x00000000ffc00000)
 ParOldGen       total 468480K, used 342980K [0x00000000c0000000, 0x00000000dc980000, 0x00000000eaa80000)
  object space 468480K, 73% used [0x00000000c0000000,0x00000000d4ef10b8,0x00000000dc980000)
 PSPermGen       total 21504K, used 6531K [0x00000000b5a00000, 0x00000000b6f00000, 0x00000000c0000000)
  object space 21504K, 30% used [0x00000000b5a00000,0x00000000b6060fc0,0x00000000b6f00000)
Event: 8.653 GC heap after
Heap after GC invocations=21 (full 3):
 PSYoungGen      total 233984K, used 19135K [0x00000000eaa80000, 0x0000000100000000, 0x0000000100000000)
  eden space 119808K, 0% used [0x00000000eaa80000,0x00000000eaa80000,0x00000000f1f80000)
  from space 114176K, 16% used [0x00000000f8c80000,0x00000000f9f2fe70,0x00000000ffc00000)
  to   space 111616K, 0% used [0x00000000f1f80000,0x00000000f1f80000,0x00000000f8c80000)
 ParOldGen       total 468480K, used 361372K [0x00000000c0000000, 0x00000000dc980000, 0x00000000eaa80000)
  object space 468480K, 77% used [0x00000000c0000000,0x00000000d60e7120,0x00000000dc980000)
 PSPermGen       total 21504K, used 6531K [0x00000000b5a00000, 0x00000000b6f00000, 0x00000000c0000000)
  object space 21504K, 30% used [0x00000000b5a00000,0x00000000b6060fc0,0x00000000b6f00000)
}

